SF:lib/core/extensions/color_extension.dart
DA:4,0
DA:5,0
LF:2
LH:0
end_of_record
SF:lib/core/extensions/string_extension.dart
DA:4,0
DA:5,0
LF:2
LH:0
end_of_record
SF:lib/features/components/color_container.dart
DA:6,0
DA:15,0
DA:25,0
DA:26,0
DA:32,0
DA:34,0
DA:35,0
DA:36,0
DA:37,0
DA:39,0
DA:40,0
DA:41,0
DA:42,0
DA:44,0
DA:45,0
DA:46,0
DA:47,0
DA:49,0
DA:65,0
DA:66,0
DA:67,0
DA:68,0
DA:70,0
DA:71,0
DA:72,0
DA:74,0
DA:77,0
DA:78,0
DA:80,0
DA:81,0
DA:82,0
DA:83,0
DA:87,0
DA:92,0
DA:94,0
DA:95,0
DA:96,0
DA:98,0
DA:99,0
DA:102,0
DA:104,0
DA:105,0
DA:106,0
DA:107,0
LF:44
LH:0
end_of_record
SF:lib/features/components/header.dart
DA:4,26
DA:7,0
DA:11,0
DA:13,0
DA:15,0
DA:16,0
LF:6
LH:1
end_of_record
SF:lib/features/toggle_theme/presentation/cubit/toggle_theme_state.dart
DA:3,5
DA:6,3
DA:11,2
DA:12,2
DA:13,4
DA:17,3
DA:18,2
DA:26,1
DA:30,1
DA:32,1
DA:33,1
DA:37,2
DA:38,6
LF:13
LH:13
end_of_record
SF:lib/features/toggle_theme/presentation/cubit/toggle_theme_cubit.dart
DA:8,3
DA:10,1
DA:11,2
DA:14,1
DA:15,2
LF:5
LH:5
end_of_record
SF:lib/features/toggle_theme/presentation/view/toggle_theme_page.dart
DA:5,4
DA:7,0
DA:8,0
DA:9,0
DA:11,0
DA:17,0
DA:19,0
DA:20,0
DA:27,0
DA:29,0
DA:30,0
DA:33,0
DA:34,0
DA:35,0
LF:14
LH:1
end_of_record
SF:lib/features/toggle_theme/presentation/view/toogle_theme_content.dart
DA:8,4
DA:10,0
DA:12,0
DA:13,0
DA:15,0
DA:16,0
DA:17,0
DA:20,0
DA:22,0
DA:24,0
DA:25,0
DA:26,0
DA:28,0
DA:29,0
DA:30,0
DA:34,0
DA:36,0
DA:37,0
DA:38,0
DA:39,0
DA:40,0
DA:42,0
DA:43,0
DA:50,0
DA:51,0
DA:52,0
DA:55,0
DA:56,0
DA:57,0
DA:58,0
DA:60,0
DA:61,0
LF:32
LH:1
end_of_record
SF:lib/demo/view/demo_content.dart
DA:9,2
DA:11,0
DA:13,0
DA:26,0
DA:27,0
DA:28,0
DA:29,0
DA:31,0
DA:35,0
DA:37,0
DA:38,0
DA:39,0
DA:41,0
DA:43,0
DA:44,0
DA:45,0
DA:46,0
DA:47,0
DA:49,0
DA:51,0
DA:53,0
DA:54,0
DA:55,0
DA:56,0
DA:62,0
DA:63,0
DA:64,0
DA:67,0
DA:68,0
DA:77,0
DA:78,0
LF:31
LH:1
end_of_record
SF:lib/demo/view/demo_page.dart
DA:5,0
DA:8,0
DA:12,0
DA:14,0
DA:15,0
DA:16,0
LF:6
LH:0
end_of_record
SF:lib/demo/widgets/bottom_navigation_bars.dart
DA:5,2
DA:7,0
DA:9,0
DA:11,0
DA:23,2
DA:25,0
DA:27,0
DA:29,0
DA:31,0
DA:36,0
DA:55,2
DA:57,0
DA:59,0
DA:61,0
DA:63,0
DA:68,0
LF:16
LH:3
end_of_record
SF:lib/demo/widgets/buttons.dart
DA:5,2
DA:7,0
DA:9,0
DA:11,0
DA:13,0
DA:19,0
DA:21,0
DA:22,0
DA:23,0
DA:26,0
DA:28,0
DA:30,0
DA:31,0
DA:40,0
LF:14
LH:1
end_of_record
SF:lib/demo/widgets/chips.dart
DA:5,2
DA:7,0
DA:9,0
DA:11,0
DA:13,0
DA:15,0
DA:31,0
LF:7
LH:1
end_of_record
SF:lib/demo/widgets/component_spacer.dart
DA:4,4
DA:6,0
DA:8,0
LF:3
LH:1
end_of_record
SF:lib/demo/widgets/fabs.dart
DA:5,2
DA:7,0
DA:9,0
DA:11,0
DA:13,0
DA:15,0
DA:17,0
DA:18,0
DA:21,0
DA:22,0
DA:24,0
DA:28,0
DA:30,0
DA:33,0
LF:14
LH:1
end_of_record
SF:lib/demo/widgets/options.dart
DA:6,2
DA:8,0
DA:10,0
DA:12,0
DA:14,0
DA:15,0
DA:17,0
DA:18,0
DA:20,0
DA:24,0
DA:25,0
DA:27,0
DA:28,0
DA:33,0
DA:35,0
DA:39,0
DA:40,0
DA:42,0
DA:43,0
DA:51,0
DA:53,0
DA:54,0
DA:56,0
DA:60,0
DA:61,0
DA:67,0
DA:70,0
DA:72,0
DA:75,0
DA:81,0
DA:83,0
DA:87,0
DA:88,0
DA:93,0
DA:95,0
LF:35
LH:1
end_of_record
SF:lib/demo/widgets/progress.dart
DA:5,2
DA:7,0
DA:9,0
DA:11,0
DA:13,0
DA:15,0
DA:16,0
DA:17,0
DA:19,0
DA:27,0
LF:10
LH:1
end_of_record
SF:lib/demo/widgets/tabbars.dart
DA:5,2
DA:7,0
DA:9,0
DA:10,0
DA:16,0
DA:18,0
DA:19,0
DA:22,0
DA:24,0
DA:26,0
DA:28,0
DA:30,0
DA:31,0
DA:32,0
DA:33,0
LF:15
LH:1
end_of_record
SF:lib/demo/widgets/textfields.dart
DA:5,2
DA:7,0
DA:9,0
DA:11,0
LF:4
LH:1
end_of_record
SF:lib/demo/widgets/texts.dart
DA:5,2
DA:7,0
DA:9,0
DA:11,0
LF:4
LH:1
end_of_record
SF:lib/demo/widgets/top_app_bar.dart
DA:5,2
DA:7,0
DA:9,0
DA:11,0
DA:13,0
DA:15,0
DA:17,0
DA:18,0
DA:19,0
DA:20,0
DA:21,0
LF:11
LH:1
end_of_record
SF:lib/features/color_scheme/presentation/cubit/color_scheme_state.dart
DA:4,3
DA:9,1
DA:11,2
DA:13,2
DA:15,3
DA:16,1
DA:21,3
DA:22,1
DA:27,3
DA:28,1
DA:33,3
DA:34,1
DA:39,0
DA:43,0
DA:44,0
DA:45,0
DA:52,2
DA:53,4
DA:56,2
LF:19
LH:15
end_of_record
SF:lib/features/color_scheme/presentation/cubit/color_scheme_cubit.dart
DA:7,3
DA:9,0
DA:10,0
DA:13,0
DA:14,0
DA:17,0
DA:18,0
DA:21,0
DA:22,0
DA:25,0
DA:26,0
DA:29,0
DA:30,0
DA:31,0
DA:36,0
DA:37,0
DA:38,0
DA:43,0
DA:44,0
DA:45,0
DA:50,0
DA:51,0
DA:52,0
DA:57,0
DA:58,0
DA:59,0
DA:64,0
DA:65,0
DA:66,0
DA:71,0
DA:72,0
DA:73,0
DA:78,0
DA:79,0
DA:80,0
DA:85,0
DA:86,0
DA:87,0
DA:92,0
DA:93,0
DA:94,0
DA:99,0
DA:100,0
DA:101,0
DA:106,0
DA:107,0
DA:108,0
LF:47
LH:1
end_of_record
SF:lib/features/color_scheme/presentation/view/color_scheme_content.dart
DA:9,2
DA:11,0
DA:13,0
DA:15,0
DA:16,0
DA:18,0
DA:19,0
DA:20,0
DA:21,0
DA:22,0
DA:25,0
DA:27,0
DA:29,0
DA:30,0
DA:31,0
DA:33,0
DA:34,0
DA:35,0
DA:39,0
DA:41,0
DA:42,0
DA:43,0
DA:44,0
DA:45,0
DA:47,0
DA:48,0
DA:52,0
DA:54,0
DA:55,0
DA:56,0
DA:58,0
DA:59,0
DA:63,0
DA:65,0
DA:66,0
DA:67,0
DA:69,0
DA:70,0
DA:74,0
DA:76,0
DA:77,0
DA:78,0
DA:79,0
DA:81,0
DA:82,0
DA:86,0
DA:88,0
DA:89,0
DA:90,0
DA:91,0
DA:93,0
DA:94,0
DA:101,0
DA:102,0
DA:103,0
DA:107,0
DA:108,0
DA:109,0
DA:110,0
DA:113,0
DA:118,0
DA:119,0
DA:120,0
DA:122,0
DA:123,0
DA:128,0
DA:129,0
DA:130,0
DA:134,0
DA:135,0
DA:136,0
DA:138,0
DA:139,0
DA:142,0
DA:147,0
DA:148,0
DA:149,0
DA:151,0
DA:152,0
DA:157,0
DA:159,0
DA:160,0
DA:161,0
DA:166,0
DA:167,0
DA:168,0
DA:170,0
DA:171,0
DA:174,0
DA:179,0
DA:180,0
DA:181,0
DA:183,0
DA:184,0
DA:187,0
DA:192,0
DA:193,0
DA:194,0
DA:195,0
DA:201,0
DA:202,0
DA:203,0
DA:208,0
DA:209,0
DA:210,0
DA:212,0
DA:213,0
DA:216,0
DA:221,0
DA:222,0
DA:223,0
DA:225,0
DA:226,0
DA:231,0
DA:232,0
DA:233,0
DA:238,0
DA:239,0
DA:240,0
DA:242,0
DA:243,0
DA:246,0
DA:251,0
DA:252,0
DA:253,0
DA:255,0
DA:256,0
DA:259,0
DA:264,0
DA:265,0
DA:266,0
DA:267,0
LF:132
LH:1
end_of_record
SF:lib/features/color_scheme/presentation/view/color_scheme_page.dart
DA:5,2
DA:7,0
DA:8,0
DA:9,0
DA:11,0
DA:17,0
DA:19,0
DA:20,0
DA:27,0
DA:29,0
DA:30,0
DA:33,0
DA:34,0
DA:35,0
LF:14
LH:1
end_of_record
